<?xml version="1.0" encoding="UTF-8"?>
<!-- Generated by org.testng.reporters.JUnitXMLReporter -->
<testsuite hostname="Hala-samir" ignored="1" name="Command line test" tests="1" failures="0" timestamp="2021-09-07T15:33:22 EET" time="1.178" errors="0">
  <testcase name="fillFormSucessfully" time="1.142" classname="tests.FormPageTest"/>
  <testcase name="@BeforeSuite startDriver" time="0.0" classname="tests.TestBase">
    <ignored/>
  </testcase> <!-- @BeforeSuite startDriver -->
</testsuite> <!-- Command line test -->
