<?xml version="1.0" encoding="UTF-8"?>
<testng-results skipped="0" failed="0" ignored="1" total="2" passed="1">
  <reporter-output>
  </reporter-output>
  <suite name="Command line suite" duration-ms="1178" started-at="2021-09-07T15:33:21 EET" finished-at="2021-09-07T15:33:22 EET">
    <groups>
    </groups>
    <test name="Command line test" duration-ms="1178" started-at="2021-09-07T15:33:21 EET" finished-at="2021-09-07T15:33:22 EET">
      <class name="tests.TestBase">
        <test-method status="PASS" signature="tearDown()[pri:0, instance:tests.TestBase@4667ae56]" name="tearDown" is-config="true" duration-ms="918" started-at="2021-09-07T15:33:22 EET" finished-at="2021-09-07T15:33:23 EET">
          <reporter-output>
          </reporter-output>
        </test-method> <!-- tearDown -->
      </class> <!-- tests.TestBase -->
      <class name="tests.FormPageTest">
        <test-method status="PASS" signature="startDriver()[pri:0, instance:tests.FormPageTest@5442a311]" name="startDriver" is-config="true" duration-ms="16635" started-at="2021-09-07T15:33:04 EET" finished-at="2021-09-07T15:33:21 EET">
          <reporter-output>
          </reporter-output>
        </test-method> <!-- startDriver -->
        <test-method status="PASS" signature="fillFormSucessfully()[pri:0, instance:tests.FormPageTest@5442a311]" name="fillFormSucessfully" duration-ms="1142" started-at="2021-09-07T15:33:21 EET" finished-at="2021-09-07T15:33:22 EET">
          <reporter-output>
          </reporter-output>
        </test-method> <!-- fillFormSucessfully -->
      </class> <!-- tests.FormPageTest -->
    </test> <!-- Command line test -->
  </suite> <!-- Command line suite -->
</testng-results>
