<?xml version="1.0" encoding="UTF-8"?>
<testng-results skipped="0" failed="0" ignored="0" total="2" passed="2">
  <reporter-output>
  </reporter-output>
  <suite name="testSuit" duration-ms="29636" started-at="2021-09-27T10:30:17 EET" finished-at="2021-09-27T10:30:46 EET">
    <groups>
    </groups>
    <test name="Regression1" duration-ms="13637" started-at="2021-09-27T10:30:17 EET" finished-at="2021-09-27T10:30:30 EET">
      <class name="tests.FillFormParallelTest">
        <test-method status="PASS" signature="setup(java.lang.String)[pri:0, instance:tests.FillFormParallelTest@a9cd3b1]" name="setup" is-config="true" duration-ms="10313" started-at="2021-09-27T10:30:17 EET" finished-at="2021-09-27T10:30:27 EET">
          <params>
            <param index="0">
              <value>
                <![CDATA[chrome]]>
              </value>
            </param>
          </params>
          <reporter-output>
          </reporter-output>
        </test-method> <!-- setup -->
        <test-method status="PASS" signature="fillFormSucessfully()[pri:0, instance:tests.FillFormParallelTest@a9cd3b1]" name="fillFormSucessfully" duration-ms="2832" started-at="2021-09-27T10:30:27 EET" finished-at="2021-09-27T10:30:30 EET">
          <reporter-output>
          </reporter-output>
        </test-method> <!-- fillFormSucessfully -->
        <test-method status="PASS" signature="stopDriver()[pri:0, instance:tests.FillFormParallelTest@a9cd3b1]" name="stopDriver" is-config="true" duration-ms="440" started-at="2021-09-27T10:30:30 EET" finished-at="2021-09-27T10:30:30 EET">
          <reporter-output>
          </reporter-output>
        </test-method> <!-- stopDriver -->
      </class> <!-- tests.FillFormParallelTest -->
    </test> <!-- Regression1 -->
    <test name="Regression2" duration-ms="29636" started-at="2021-09-27T10:30:17 EET" finished-at="2021-09-27T10:30:46 EET">
      <class name="tests.FillFormParallelTest">
        <test-method status="PASS" signature="setup(java.lang.String)[pri:0, instance:tests.FillFormParallelTest@27ce24aa]" name="setup" is-config="true" duration-ms="26385" started-at="2021-09-27T10:30:17 EET" finished-at="2021-09-27T10:30:43 EET">
          <params>
            <param index="0">
              <value>
                <![CDATA[firefox]]>
              </value>
            </param>
          </params>
          <reporter-output>
          </reporter-output>
        </test-method> <!-- setup -->
        <test-method status="PASS" signature="fillFormSucessfully()[pri:0, instance:tests.FillFormParallelTest@27ce24aa]" name="fillFormSucessfully" duration-ms="2072" started-at="2021-09-27T10:30:43 EET" finished-at="2021-09-27T10:30:45 EET">
          <reporter-output>
          </reporter-output>
        </test-method> <!-- fillFormSucessfully -->
        <test-method status="PASS" signature="stopDriver()[pri:0, instance:tests.FillFormParallelTest@27ce24aa]" name="stopDriver" is-config="true" duration-ms="1145" started-at="2021-09-27T10:30:45 EET" finished-at="2021-09-27T10:30:46 EET">
          <reporter-output>
          </reporter-output>
        </test-method> <!-- stopDriver -->
      </class> <!-- tests.FillFormParallelTest -->
    </test> <!-- Regression2 -->
  </suite> <!-- testSuit -->
</testng-results>
